samples/CompleteReader/app/build/outputs/logs/manifest-merger-release-report.txt
-- Merging decision tree log ---
meta-data#pdftron_license_key
INJECTED from src/main/AndroidManifest.xml:22:9-24:52
	android:value
		INJECTED from src/main/AndroidManifest.xml
		ADDED from src/main/AndroidManifest.xml:24:13-49
	android:name
		ADDED from src/main/AndroidManifest.xml:23:13-47
manifest
ADDED from src/main/AndroidManifest.xml:2:1-399:12
INJECTED from src/main/AndroidManifest.xml:2:1-399:12
INJECTED from src/main/AndroidManifest.xml:2:1-399:12
INJECTED from src/main/AndroidManifest.xml:2:1-399:12
MERGED from [:pdfnet-demo-utils] AndroidManifest.xml:2:1-30:12
MERGED from [:PDFViewCtrlTools] AndroidManifest.xml:2:1-30:12
MERGED from [com.pdftron:pdftron:] AndroidManifest.xml:2:1-16:12
MERGED from [com.pdftron:floatingactionbutton:] AndroidManifest.xml:2:1-11:12
MERGED from [com.pdftron:pagecropper:] AndroidManifest.xml:2:1-11:12
MERGED from [com.android.support:support-v4:28.0.0] AndroidManifest.xml:17:1-22:12
MERGED from [com.android.support:design:28.0.0] AndroidManifest.xml:17:1-24:12
MERGED from [com.android.support:appcompat-v7:28.0.0] AndroidManifest.xml:17:1-22:12
MERGED from [com.android.support:recyclerview-v7:28.0.0] AndroidManifest.xml:17:1-22:12
MERGED from [com.android.support.constraint:constraint-layout:1.1.2] AndroidManifest.xml:2:1-11:12
MERGED from [android.arch.lifecycle:extensions:1.1.1] AndroidManifest.xml:17:1-30:12
MERGED from [io.reactivex.rxjava2:rxandroid:2.1.0] AndroidManifest.xml:15:1-20:12
MERGED from [com.android.support:multidex:1.0.3] AndroidManifest.xml:17:1-22:12
MERGED from [com.facebook.fresco:fresco:1.2.0] AndroidManifest.xml:2:1-9:12
MERGED from [com.facebook.fresco:animated-gif:1.2.0] AndroidManifest.xml:2:1-9:12
MERGED from [com.android.support:support-media-compat:28.0.0] AndroidManifest.xml:17:1-22:12
MERGED from [com.android.support:support-fragment:28.0.0] AndroidManifest.xml:17:1-22:12
MERGED from [com.android.support:animated-vector-drawable:28.0.0] AndroidManifest.xml:17:1-22:12
MERGED from [com.android.support:support-core-ui:28.0.0] AndroidManifest.xml:17:1-22:12
MERGED from [com.android.support:support-core-utils:28.0.0] AndroidManifest.xml:17:1-22:12
MERGED from [com.android.support:support-vector-drawable:28.0.0] AndroidManifest.xml:17:1-22:12
MERGED from [com.android.support:transition:28.0.0] AndroidManifest.xml:17:1-22:12
MERGED from [com.android.support:loader:28.0.0] AndroidManifest.xml:17:1-22:12
MERGED from [com.android.support:viewpager:28.0.0] AndroidManifest.xml:17:1-22:12
MERGED from [com.android.support:coordinatorlayout:28.0.0] AndroidManifest.xml:17:1-22:12
MERGED from [com.android.support:drawerlayout:28.0.0] AndroidManifest.xml:17:1-22:12
MERGED from [com.android.support:slidingpanelayout:28.0.0] AndroidManifest.xml:17:1-22:12
MERGED from [com.android.support:customview:28.0.0] AndroidManifest.xml:17:1-22:12
MERGED from [com.android.support:swiperefreshlayout:28.0.0] AndroidManifest.xml:17:1-22:12
MERGED from [com.android.support:asynclayoutinflater:28.0.0] AndroidManifest.xml:17:1-22:12
MERGED from [com.android.support:support-compat:28.0.0] AndroidManifest.xml:17:1-24:12
MERGED from [com.android.support:versionedparcelable:28.0.0] AndroidManifest.xml:17:1-25:12
MERGED from [com.android.support:cursoradapter:28.0.0] AndroidManifest.xml:17:1-22:12
MERGED from [com.android.support:cardview-v7:28.0.0] AndroidManifest.xml:17:1-22:12
MERGED from [android.arch.lifecycle:runtime:1.1.1] AndroidManifest.xml:17:1-22:12
MERGED from [android.arch.lifecycle:livedata:1.1.1] AndroidManifest.xml:17:1-22:12
MERGED from [android.arch.lifecycle:livedata-core:1.1.1] AndroidManifest.xml:17:1-22:12
MERGED from [android.arch.core:runtime:1.1.1] AndroidManifest.xml:17:1-22:12
MERGED from [android.arch.lifecycle:viewmodel:1.1.1] AndroidManifest.xml:17:1-22:12
MERGED from [com.android.support:documentfile:28.0.0] AndroidManifest.xml:17:1-22:12
MERGED from [com.android.support:localbroadcastmanager:28.0.0] AndroidManifest.xml:17:1-22:12
MERGED from [com.android.support:print:28.0.0] AndroidManifest.xml:17:1-22:12
MERGED from [com.android.support:interpolator:28.0.0] AndroidManifest.xml:17:1-22:12
MERGED from [com.facebook.fresco:drawee:1.2.0] AndroidManifest.xml:2:1-9:12
MERGED from [com.facebook.fresco:animated-base:1.2.0] AndroidManifest.xml:2:1-9:12
MERGED from [com.facebook.fresco:imagepipeline:1.2.0] AndroidManifest.xml:2:1-9:12
MERGED from [com.facebook.fresco:imagepipeline-base:1.2.0] AndroidManifest.xml:2:1-9:12
MERGED from [com.facebook.fresco:fbcore:1.2.0] AndroidManifest.xml:2:1-9:12
INJECTED from src/main/AndroidManifest.xml:2:1-399:12
INJECTED from src/main/AndroidManifest.xml:2:1-399:12
INJECTED from src/main/AndroidManifest.xml:2:1-399:12
	package
		ADDED from src/main/AndroidManifest.xml:3:5-41
		INJECTED from src/main/AndroidManifest.xml
		INJECTED from src/main/AndroidManifest.xml
	android:versionName
		INJECTED from src/main/AndroidManifest.xml
		ADDED from src/main/AndroidManifest.xml:2:1-399:12
		INJECTED from src/main/AndroidManifest.xml
	android:versionCode
		INJECTED from src/main/AndroidManifest.xml
		ADDED from src/main/AndroidManifest.xml:2:1-399:12
		INJECTED from src/main/AndroidManifest.xml
	xmlns:android
		ADDED from src/main/AndroidManifest.xml:2:11-69
uses-permission#android.permission.INTERNET
ADDED from src/main/AndroidManifest.xml:5:5-67
	android:name
		ADDED from src/main/AndroidManifest.xml:5:22-64
uses-permission#android.permission.ACCESS_NETWORK_STATE
ADDED from src/main/AndroidManifest.xml:6:5-79
	android:name
		ADDED from src/main/AndroidManifest.xml:6:22-76
uses-permission#android.permission.WRITE_EXTERNAL_STORAGE
ADDED from src/main/AndroidManifest.xml:7:5-81
	android:name
		ADDED from src/main/AndroidManifest.xml:7:22-78
uses-permission#android.permission.VIBRATE
ADDED from src/main/AndroidManifest.xml:8:5-66
	android:name
		ADDED from src/main/AndroidManifest.xml:8:22-63
uses-permission#android.permission.RECORD_AUDIO
ADDED from src/main/AndroidManifest.xml:9:5-71
	android:name
		ADDED from src/main/AndroidManifest.xml:9:22-68
application
ADDED from src/main/AndroidManifest.xml:11:5-397:19
MERGED from [:pdfnet-demo-utils] AndroidManifest.xml:10:5-28:19
MERGED from [:pdfnet-demo-utils] AndroidManifest.xml:10:5-28:19
MERGED from [:PDFViewCtrlTools] AndroidManifest.xml:10:5-28:19
MERGED from [:PDFViewCtrlTools] AndroidManifest.xml:10:5-28:19
MERGED from [com.pdftron:pdftron:] AndroidManifest.xml:9:5-14:19
MERGED from [com.pdftron:pdftron:] AndroidManifest.xml:9:5-14:19
MERGED from [com.pdftron:floatingactionbutton:] AndroidManifest.xml:9:5-20
MERGED from [com.pdftron:floatingactionbutton:] AndroidManifest.xml:9:5-20
MERGED from [com.android.support:design:28.0.0] AndroidManifest.xml:22:5-20
MERGED from [com.android.support:design:28.0.0] AndroidManifest.xml:22:5-20
MERGED from [com.android.support.constraint:constraint-layout:1.1.2] AndroidManifest.xml:9:5-20
MERGED from [com.android.support.constraint:constraint-layout:1.1.2] AndroidManifest.xml:9:5-20
MERGED from [android.arch.lifecycle:extensions:1.1.1] AndroidManifest.xml:22:5-28:19
MERGED from [android.arch.lifecycle:extensions:1.1.1] AndroidManifest.xml:22:5-28:19
MERGED from [com.android.support:support-compat:28.0.0] AndroidManifest.xml:22:5-94
MERGED from [com.android.support:support-compat:28.0.0] AndroidManifest.xml:22:5-94
MERGED from [com.android.support:versionedparcelable:28.0.0] AndroidManifest.xml:22:5-23:19
MERGED from [com.android.support:versionedparcelable:28.0.0] AndroidManifest.xml:22:5-23:19
	android:appComponentFactory
		ADDED from [com.android.support:support-compat:28.0.0] AndroidManifest.xml:22:18-91
	android:supportsRtl
		ADDED from src/main/AndroidManifest.xml:18:9-35
	android:label
		ADDED from src/main/AndroidManifest.xml:15:9-41
	android:roundIcon
		ADDED from src/main/AndroidManifest.xml:17:9-54
	android:largeHeap
		ADDED from src/main/AndroidManifest.xml:16:9-33
	android:icon
		ADDED from src/main/AndroidManifest.xml:14:9-43
	android:allowBackup
		ADDED from src/main/AndroidManifest.xml:13:9-35
	android:theme
		ADDED from src/main/AndroidManifest.xml:19:9-40
	android:usesCleartextTraffic
		ADDED from src/main/AndroidManifest.xml:20:9-44
	android:name
		ADDED from src/main/AndroidManifest.xml:12:9-68
activity#com.pdftron.completereader.MainActivity
ADDED from src/main/AndroidManifest.xml:26:9-33:20
	android:name
		ADDED from src/main/AndroidManifest.xml:26:19-47
intent-filter#action:name:android.intent.action.MAIN+category:name:android.intent.category.LAUNCHER
ADDED from src/main/AndroidManifest.xml:27:13-31:29
action#android.intent.action.MAIN
ADDED from src/main/AndroidManifest.xml:28:17-69
	android:name
		ADDED from src/main/AndroidManifest.xml:28:25-66
category#android.intent.category.LAUNCHER
ADDED from src/main/AndroidManifest.xml:30:17-77
	android:name
		ADDED from src/main/AndroidManifest.xml:30:27-74
activity#com.pdftron.pdf.controls.DiffActivity
ADDED from src/main/AndroidManifest.xml:35:9-39:55
	android:windowSoftInputMode
		ADDED from src/main/AndroidManifest.xml:39:13-52
	android:configChanges
		ADDED from src/main/AndroidManifest.xml:37:13-106
	android:theme
		ADDED from src/main/AndroidManifest.xml:38:13-50
	android:name
		ADDED from src/main/AndroidManifest.xml:36:13-65
activity#com.pdftron.demo.app.SimpleReaderActivity
ADDED from src/main/AndroidManifest.xml:41:9-45:55
	android:windowSoftInputMode
		ADDED from src/main/AndroidManifest.xml:45:13-52
	android:configChanges
		ADDED from src/main/AndroidManifest.xml:43:13-106
	android:theme
		ADDED from src/main/AndroidManifest.xml:44:13-50
	android:name
		ADDED from src/main/AndroidManifest.xml:42:13-69
activity#com.pdftron.demo.app.AdvancedReaderActivity
ADDED from src/main/AndroidManifest.xml:47:9-391:20
	android:windowSoftInputMode
		ADDED from src/main/AndroidManifest.xml:51:13-52
	android:configChanges
		ADDED from src/main/AndroidManifest.xml:49:13-106
	android:theme
		ADDED from src/main/AndroidManifest.xml:50:13-50
	android:name
		ADDED from src/main/AndroidManifest.xml:48:13-71
intent-filter#action:name:android.intent.action.EDIT+action:name:android.intent.action.VIEW+category:name:android.intent.category.DEFAULT+data:mimeType:application/msword+data:mimeType:application/pdf+data:mimeType:application/vnd.openxmlformats-officedocument.presentationml.presentation+data:mimeType:application/vnd.openxmlformats-officedocument.spreadsheetml.sheet+data:mimeType:application/vnd.openxmlformats-officedocument.wordprocessingml.document+data:mimeType:application/x-cbr+data:mimeType:image/gif+data:mimeType:image/jpeg+data:mimeType:image/png+data:mimeType:text/markdown
ADDED from src/main/AndroidManifest.xml:53:13-69:29
action#android.intent.action.VIEW
ADDED from src/main/AndroidManifest.xml:54:17-69
	android:name
		ADDED from src/main/AndroidManifest.xml:54:25-66
action#android.intent.action.EDIT
ADDED from src/main/AndroidManifest.xml:55:17-69
	android:name
		ADDED from src/main/AndroidManifest.xml:55:25-66
category#android.intent.category.DEFAULT
ADDED from src/main/AndroidManifest.xml:57:17-76
	android:name
		ADDED from src/main/AndroidManifest.xml:57:27-73
data
ADDED from src/main/AndroidManifest.xml:59:17-60
	android:host
		ADDED from src/main/AndroidManifest.xml:78:21-37
	android:scheme
		ADDED from src/main/AndroidManifest.xml:80:21-42
	android:pathPattern
		ADDED from src/main/AndroidManifest.xml:79:21-51
	android:mimeType
		ADDED from src/main/AndroidManifest.xml:59:23-57
intent-filter#action:name:android.intent.action.EDIT+action:name:android.intent.action.VIEW+category:name:android.intent.category.DEFAULT+data:host:*+data:host:*+data:host:*+data:host:*+data:host:*+data:host:*+data:host:*+data:host:*+data:host:*+data:host:*+data:host:*+data:host:*+data:host:*+data:host:*+data:host:*+data:host:*+data:host:*+data:host:*+data:host:*+data:host:*+data:host:*+data:host:*+data:host:*+data:host:*+data:host:*+data:host:*+data:host:*+data:host:*+data:pathPattern:.*\\.BMP+data:pathPattern:.*\\.CBZ+data:pathPattern:.*\\.DOC+data:pathPattern:.*\\.DOCX+data:pathPattern:.*\\.GIF+data:pathPattern:.*\\.JPEG+data:pathPattern:.*\\.JPG+data:pathPattern:.*\\.MD+data:pathPattern:.*\\.PDF+data:pathPattern:.*\\.PNG+data:pathPattern:.*\\.PPTX+data:pathPattern:.*\\.TIF+data:pathPattern:.*\\.TIFF+data:pathPattern:.*\\.XLSX+data:pathPattern:.*\\.bmp+data:pathPattern:.*\\.cbz+data:pathPattern:.*\\.doc+data:pathPattern:.*\\.docx+data:pathPattern:.*\\.gif+data:pathPattern:.*\\.jpeg+data:pathPattern:.*\\.jpg+data:pathPattern:.*\\.md+data:pathPattern:.*\\.pdf+data:pathPattern:.*\\.png+data:pathPattern:.*\\.pptx+data:pathPattern:.*\\.tif+data:pathPattern:.*\\.tiff+data:pathPattern:.*\\.xlsx+data:scheme:file+data:scheme:file+data:scheme:file+data:scheme:file+data:scheme:file+data:scheme:file+data:scheme:file+data:scheme:file+data:scheme:file+data:scheme:file+data:scheme:file+data:scheme:file+data:scheme:file+data:scheme:file+data:scheme:file+data:scheme:file+data:scheme:file+data:scheme:file+data:scheme:file+data:scheme:file+data:scheme:file+data:scheme:file+data:scheme:file+data:scheme:file+data:scheme:file+data:scheme:file+data:scheme:file+data:scheme:file
ADDED from src/main/AndroidManifest.xml:71:13-189:29
intent-filter#action:name:android.intent.action.VIEW+category:name:android.intent.category.BROWSABLE+category:name:android.intent.category.DEFAULT+data:host:*+data:host:*+data:host:*+data:host:*+data:host:*+data:host:*+data:host:*+data:host:*+data:host:*+data:host:*+data:host:*+data:host:*+data:host:*+data:host:*+data:host:*+data:host:*+data:host:*+data:host:*+data:host:*+data:host:*+data:host:*+data:host:*+data:host:*+data:host:*+data:host:*+data:host:*+data:host:*+data:host:*+data:host:*+data:host:*+data:host:*+data:host:*+data:host:*+data:host:*+data:host:*+data:host:*+data:host:*+data:host:*+data:host:*+data:host:*+data:host:*+data:host:*+data:host:*+data:host:*+data:host:*+data:host:*+data:host:*+data:host:*+data:pathPattern:.*\\.BMP+data:pathPattern:.*\\.BMP+data:pathPattern:.*\\.CBZ+data:pathPattern:.*\\.CBZ+data:pathPattern:.*\\.DOC+data:pathPattern:.*\\.DOC+data:pathPattern:.*\\.DOCX+data:pathPattern:.*\\.DOCX+data:pathPattern:.*\\.GIF+data:pathPattern:.*\\.GIF+data:pathPattern:.*\\.JPEG+data:pathPattern:.*\\.JPEG+data:pathPattern:.*\\.JPG+data:pathPattern:.*\\.JPG+data:pathPattern:.*\\.MD+data:pathPattern:.*\\.MD+data:pathPattern:.*\\.PDF+data:pathPattern:.*\\.PDF+data:pathPattern:.*\\.PNG+data:pathPattern:.*\\.PNG+data:pathPattern:.*\\.PPTX+data:pathPattern:.*\\.PPTX+data:pathPattern:.*\\.XLSX+data:pathPattern:.*\\.XLSX+data:pathPattern:.*\\.bmp+data:pathPattern:.*\\.bmp+data:pathPattern:.*\\.cbz+data:pathPattern:.*\\.cbz+data:pathPattern:.*\\.doc+data:pathPattern:.*\\.doc+data:pathPattern:.*\\.docx+data:pathPattern:.*\\.docx+data:pathPattern:.*\\.gif+data:pathPattern:.*\\.gif+data:pathPattern:.*\\.jpeg+data:pathPattern:.*\\.jpeg+data:pathPattern:.*\\.jpg+data:pathPattern:.*\\.jpg+data:pathPattern:.*\\.md+data:pathPattern:.*\\.md+data:pathPattern:.*\\.pdf+data:pathPattern:.*\\.pdf+data:pathPattern:.*\\.png+data:pathPattern:.*\\.png+data:pathPattern:.*\\.pptx+data:pathPattern:.*\\.pptx+data:pathPattern:.*\\.xlsx+data:pathPattern:.*\\.xlsx+data:scheme:http+data:scheme:http+data:scheme:http+data:scheme:http+data:scheme:http+data:scheme:http+data:scheme:http+data:scheme:http+data:scheme:http+data:scheme:http+data:scheme:http+data:scheme:http+data:scheme:http+data:scheme:http+data:scheme:http+data:scheme:http+data:scheme:http+data:scheme:http+data:scheme:http+data:scheme:http+data:scheme:http+data:scheme:http+data:scheme:http+data:scheme:http+data:scheme:https+data:scheme:https+data:scheme:https+data:scheme:https+data:scheme:https+data:scheme:https+data:scheme:https+data:scheme:https+data:scheme:https+data:scheme:https+data:scheme:https+data:scheme:https+data:scheme:https+data:scheme:https+data:scheme:https+data:scheme:https+data:scheme:https+data:scheme:https+data:scheme:https+data:scheme:https+data:scheme:https+data:scheme:https+data:scheme:https+data:scheme:https
ADDED from src/main/AndroidManifest.xml:191:13-389:29
category#android.intent.category.BROWSABLE
ADDED from src/main/AndroidManifest.xml:195:17-78
	android:name
		ADDED from src/main/AndroidManifest.xml:195:27-75
activity#com.pdftron.demo.app.SettingsActivity
ADDED from src/main/AndroidManifest.xml:393:9-396:53
	android:parentActivityName
		ADDED from src/main/AndroidManifest.xml:395:13-85
	android:theme
		ADDED from src/main/AndroidManifest.xml:396:13-50
	android:name
		ADDED from src/main/AndroidManifest.xml:394:13-65
uses-sdk
INJECTED from src/main/AndroidManifest.xml reason: use-sdk injection requested
INJECTED from src/main/AndroidManifest.xml
INJECTED from src/main/AndroidManifest.xml
MERGED from [:pdfnet-demo-utils] AndroidManifest.xml:6:5-8:41
MERGED from [:pdfnet-demo-utils] AndroidManifest.xml:6:5-8:41
MERGED from [:PDFViewCtrlTools] AndroidManifest.xml:6:5-8:41
MERGED from [:PDFViewCtrlTools] AndroidManifest.xml:6:5-8:41
MERGED from [com.pdftron:pdftron:] AndroidManifest.xml:5:5-7:41
MERGED from [com.pdftron:pdftron:] AndroidManifest.xml:5:5-7:41
MERGED from [com.pdftron:floatingactionbutton:] AndroidManifest.xml:5:5-7:41
MERGED from [com.pdftron:floatingactionbutton:] AndroidManifest.xml:5:5-7:41
MERGED from [com.pdftron:pagecropper:] AndroidManifest.xml:7:5-9:41
MERGED from [com.pdftron:pagecropper:] AndroidManifest.xml:7:5-9:41
MERGED from [com.android.support:support-v4:28.0.0] AndroidManifest.xml:20:5-44
MERGED from [com.android.support:support-v4:28.0.0] AndroidManifest.xml:20:5-44
MERGED from [com.android.support:design:28.0.0] AndroidManifest.xml:20:5-44
MERGED from [com.android.support:design:28.0.0] AndroidManifest.xml:20:5-44
MERGED from [com.android.support:appcompat-v7:28.0.0] AndroidManifest.xml:20:5-44
MERGED from [com.android.support:appcompat-v7:28.0.0] AndroidManifest.xml:20:5-44
MERGED from [com.android.support:recyclerview-v7:28.0.0] AndroidManifest.xml:20:5-44
MERGED from [com.android.support:recyclerview-v7:28.0.0] AndroidManifest.xml:20:5-44
MERGED from [com.android.support.constraint:constraint-layout:1.1.2] AndroidManifest.xml:5:5-7:41
MERGED from [com.android.support.constraint:constraint-layout:1.1.2] AndroidManifest.xml:5:5-7:41
MERGED from [android.arch.lifecycle:extensions:1.1.1] AndroidManifest.xml:20:5-44
MERGED from [android.arch.lifecycle:extensions:1.1.1] AndroidManifest.xml:20:5-44
MERGED from [io.reactivex.rxjava2:rxandroid:2.1.0] AndroidManifest.xml:18:5-43
MERGED from [io.reactivex.rxjava2:rxandroid:2.1.0] AndroidManifest.xml:18:5-43
MERGED from [com.android.support:multidex:1.0.3] AndroidManifest.xml:20:5-43
MERGED from [com.android.support:multidex:1.0.3] AndroidManifest.xml:20:5-43
MERGED from [com.facebook.fresco:fresco:1.2.0] AndroidManifest.xml:5:5-7:41
MERGED from [com.facebook.fresco:fresco:1.2.0] AndroidManifest.xml:5:5-7:41
MERGED from [com.facebook.fresco:animated-gif:1.2.0] AndroidManifest.xml:5:5-7:41
MERGED from [com.facebook.fresco:animated-gif:1.2.0] AndroidManifest.xml:5:5-7:41
MERGED from [com.android.support:support-media-compat:28.0.0] AndroidManifest.xml:20:5-44
MERGED from [com.android.support:support-media-compat:28.0.0] AndroidManifest.xml:20:5-44
MERGED from [com.android.support:support-fragment:28.0.0] AndroidManifest.xml:20:5-44
MERGED from [com.android.support:support-fragment:28.0.0] AndroidManifest.xml:20:5-44
MERGED from [com.android.support:animated-vector-drawable:28.0.0] AndroidManifest.xml:20:5-44
MERGED from [com.android.support:animated-vector-drawable:28.0.0] AndroidManifest.xml:20:5-44
MERGED from [com.android.support:support-core-ui:28.0.0] AndroidManifest.xml:20:5-44
MERGED from [com.android.support:support-core-ui:28.0.0] AndroidManifest.xml:20:5-44
MERGED from [com.android.support:support-core-utils:28.0.0] AndroidManifest.xml:20:5-44
MERGED from [com.android.support:support-core-utils:28.0.0] AndroidManifest.xml:20:5-44
MERGED from [com.android.support:support-vector-drawable:28.0.0] AndroidManifest.xml:20:5-44
MERGED from [com.android.support:support-vector-drawable:28.0.0] AndroidManifest.xml:20:5-44
MERGED from [com.android.support:transition:28.0.0] AndroidManifest.xml:20:5-44
MERGED from [com.android.support:transition:28.0.0] AndroidManifest.xml:20:5-44
MERGED from [com.android.support:loader:28.0.0] AndroidManifest.xml:20:5-44
MERGED from [com.android.support:loader:28.0.0] AndroidManifest.xml:20:5-44
MERGED from [com.android.support:viewpager:28.0.0] AndroidManifest.xml:20:5-44
MERGED from [com.android.support:viewpager:28.0.0] AndroidManifest.xml:20:5-44
MERGED from [com.android.support:coordinatorlayout:28.0.0] AndroidManifest.xml:20:5-44
MERGED from [com.android.support:coordinatorlayout:28.0.0] AndroidManifest.xml:20:5-44
MERGED from [com.android.support:drawerlayout:28.0.0] AndroidManifest.xml:20:5-44
MERGED from [com.android.support:drawerlayout:28.0.0] AndroidManifest.xml:20:5-44
MERGED from [com.android.support:slidingpanelayout:28.0.0] AndroidManifest.xml:20:5-44
MERGED from [com.android.support:slidingpanelayout:28.0.0] AndroidManifest.xml:20:5-44
MERGED from [com.android.support:customview:28.0.0] AndroidManifest.xml:20:5-44
MERGED from [com.android.support:customview:28.0.0] AndroidManifest.xml:20:5-44
MERGED from [com.android.support:swiperefreshlayout:28.0.0] AndroidManifest.xml:20:5-44
MERGED from [com.android.support:swiperefreshlayout:28.0.0] AndroidManifest.xml:20:5-44
MERGED from [com.android.support:asynclayoutinflater:28.0.0] AndroidManifest.xml:20:5-44
MERGED from [com.android.support:asynclayoutinflater:28.0.0] AndroidManifest.xml:20:5-44
MERGED from [com.android.support:support-compat:28.0.0] AndroidManifest.xml:20:5-44
MERGED from [com.android.support:support-compat:28.0.0] AndroidManifest.xml:20:5-44
MERGED from [com.android.support:versionedparcelable:28.0.0] AndroidManifest.xml:20:5-44
MERGED from [com.android.support:versionedparcelable:28.0.0] AndroidManifest.xml:20:5-44
MERGED from [com.android.support:cursoradapter:28.0.0] AndroidManifest.xml:20:5-44
MERGED from [com.android.support:cursoradapter:28.0.0] AndroidManifest.xml:20:5-44
MERGED from [com.android.support:cardview-v7:28.0.0] AndroidManifest.xml:20:5-44
MERGED from [com.android.support:cardview-v7:28.0.0] AndroidManifest.xml:20:5-44
MERGED from [android.arch.lifecycle:runtime:1.1.1] AndroidManifest.xml:20:5-44
MERGED from [android.arch.lifecycle:runtime:1.1.1] AndroidManifest.xml:20:5-44
MERGED from [android.arch.lifecycle:livedata:1.1.1] AndroidManifest.xml:20:5-44
MERGED from [android.arch.lifecycle:livedata:1.1.1] AndroidManifest.xml:20:5-44
MERGED from [android.arch.lifecycle:livedata-core:1.1.1] AndroidManifest.xml:20:5-44
MERGED from [android.arch.lifecycle:livedata-core:1.1.1] AndroidManifest.xml:20:5-44
MERGED from [android.arch.core:runtime:1.1.1] AndroidManifest.xml:20:5-44
MERGED from [android.arch.core:runtime:1.1.1] AndroidManifest.xml:20:5-44
MERGED from [android.arch.lifecycle:viewmodel:1.1.1] AndroidManifest.xml:20:5-44
MERGED from [android.arch.lifecycle:viewmodel:1.1.1] AndroidManifest.xml:20:5-44
MERGED from [com.android.support:documentfile:28.0.0] AndroidManifest.xml:20:5-44
MERGED from [com.android.support:documentfile:28.0.0] AndroidManifest.xml:20:5-44
MERGED from [com.android.support:localbroadcastmanager:28.0.0] AndroidManifest.xml:20:5-44
MERGED from [com.android.support:localbroadcastmanager:28.0.0] AndroidManifest.xml:20:5-44
MERGED from [com.android.support:print:28.0.0] AndroidManifest.xml:20:5-44
MERGED from [com.android.support:print:28.0.0] AndroidManifest.xml:20:5-44
MERGED from [com.android.support:interpolator:28.0.0] AndroidManifest.xml:20:5-44
MERGED from [com.android.support:interpolator:28.0.0] AndroidManifest.xml:20:5-44
MERGED from [com.facebook.fresco:drawee:1.2.0] AndroidManifest.xml:5:5-7:41
MERGED from [com.facebook.fresco:drawee:1.2.0] AndroidManifest.xml:5:5-7:41
MERGED from [com.facebook.fresco:animated-base:1.2.0] AndroidManifest.xml:5:5-7:41
MERGED from [com.facebook.fresco:animated-base:1.2.0] AndroidManifest.xml:5:5-7:41
MERGED from [com.facebook.fresco:imagepipeline:1.2.0] AndroidManifest.xml:5:5-7:41
MERGED from [com.facebook.fresco:imagepipeline:1.2.0] AndroidManifest.xml:5:5-7:41
MERGED from [com.facebook.fresco:imagepipeline-base:1.2.0] AndroidManifest.xml:5:5-7:41
MERGED from [com.facebook.fresco:imagepipeline-base:1.2.0] AndroidManifest.xml:5:5-7:41
MERGED from [com.facebook.fresco:fbcore:1.2.0] AndroidManifest.xml:5:5-7:41
MERGED from [com.facebook.fresco:fbcore:1.2.0] AndroidManifest.xml:5:5-7:41
INJECTED from src/main/AndroidManifest.xml
INJECTED from src/main/AndroidManifest.xml
	android:targetSdkVersion
		INJECTED from src/main/AndroidManifest.xml
		ADDED from src/main/AndroidManifest.xml
		INJECTED from src/main/AndroidManifest.xml
	android:minSdkVersion
		INJECTED from src/main/AndroidManifest.xml
		ADDED from src/main/AndroidManifest.xml
		INJECTED from src/main/AndroidManifest.xml
provider#com.pdftron.demo.utils.PDFTronDemoInitializer
ADDED from [:pdfnet-demo-utils] AndroidManifest.xml:11:9-14:40
	android:authorities
		ADDED from [:pdfnet-demo-utils] AndroidManifest.xml:13:13-64
	android:exported
		ADDED from [:pdfnet-demo-utils] AndroidManifest.xml:14:13-37
	android:name
		ADDED from [:pdfnet-demo-utils] AndroidManifest.xml:12:13-73
provider#com.pdftron.pdf.utils.PDFTronToolsInitializer
ADDED from [:pdfnet-demo-utils] AndroidManifest.xml:15:9-18:35
REJECTED from [:PDFViewCtrlTools] AndroidManifest.xml:11:9-14:40
	tools:node
		ADDED from [:pdfnet-demo-utils] AndroidManifest.xml:18:13-32
	android:authorities
		ADDED from [:pdfnet-demo-utils] AndroidManifest.xml:17:13-65
	android:name
		ADDED from [:pdfnet-demo-utils] AndroidManifest.xml:16:13-73
provider#com.pdftron.pdf.utils.ShareProvider
ADDED from [:pdfnet-demo-utils] AndroidManifest.xml:19:9-27:20
MERGED from [:PDFViewCtrlTools] AndroidManifest.xml:19:9-27:20
MERGED from [:PDFViewCtrlTools] AndroidManifest.xml:19:9-27:20
	android:grantUriPermissions
		ADDED from [:pdfnet-demo-utils] AndroidManifest.xml:23:13-47
	android:authorities
		ADDED from [:pdfnet-demo-utils] AndroidManifest.xml:21:13-72
	android:exported
		ADDED from [:pdfnet-demo-utils] AndroidManifest.xml:22:13-37
	android:name
		ADDED from [:pdfnet-demo-utils] AndroidManifest.xml:20:13-63
meta-data#android.support.FILE_PROVIDER_PATHS
ADDED from [:pdfnet-demo-utils] AndroidManifest.xml:24:13-26:58
MERGED from [:PDFViewCtrlTools] AndroidManifest.xml:24:13-26:58
MERGED from [:PDFViewCtrlTools] AndroidManifest.xml:24:13-26:58
	android:resource
		ADDED from [:pdfnet-demo-utils] AndroidManifest.xml:26:17-55
	android:name
		ADDED from [:pdfnet-demo-utils] AndroidManifest.xml:25:17-67
provider#com.pdftron.pdfnet.PDFNetInitializer
ADDED from [:PDFViewCtrlTools] AndroidManifest.xml:15:9-18:35
REJECTED from [com.pdftron:pdftron:] AndroidManifest.xml:10:9-13:40
	tools:node
		ADDED from [:PDFViewCtrlTools] AndroidManifest.xml:18:13-32
	android:authorities
		ADDED from [:PDFViewCtrlTools] AndroidManifest.xml:17:13-66
	android:name
		ADDED from [:PDFViewCtrlTools] AndroidManifest.xml:16:13-64
provider#android.arch.lifecycle.ProcessLifecycleOwnerInitializer
ADDED from [android.arch.lifecycle:extensions:1.1.1] AndroidManifest.xml:23:9-27:43
	android:authorities
		ADDED from [android.arch.lifecycle:extensions:1.1.1] AndroidManifest.xml:25:13-68
	android:multiprocess
		ADDED from [android.arch.lifecycle:extensions:1.1.1] AndroidManifest.xml:27:13-40
	android:exported
		ADDED from [android.arch.lifecycle:extensions:1.1.1] AndroidManifest.xml:26:13-37
	android:name
		ADDED from [android.arch.lifecycle:extensions:1.1.1] AndroidManifest.xml:24:13-83